0 info it worked if it ends with ok
1 verbose cli [ '/usr/bin/node', '/usr/bin/npm', '-S', 'install', 'mongodb' ]
2 info using npm@1.4.28
3 info using node@v0.10.38
4 verbose node symlink /usr/bin/node
5 verbose readDependencies using package.json deps
6 verbose cache add [ 'mongodb', null ]
7 verbose cache add name=undefined spec="mongodb" args=["mongodb",null]
8 verbose parsed url { protocol: null,
8 verbose parsed url   slashes: null,
8 verbose parsed url   auth: null,
8 verbose parsed url   host: null,
8 verbose parsed url   port: null,
8 verbose parsed url   hostname: null,
8 verbose parsed url   hash: null,
8 verbose parsed url   search: null,
8 verbose parsed url   query: null,
8 verbose parsed url   pathname: 'mongodb',
8 verbose parsed url   path: 'mongodb',
8 verbose parsed url   href: 'mongodb' }
9 silly lockFile 7f1c982e-mongodb mongodb
10 verbose lock mongodb /home/rishi/.npm/7f1c982e-mongodb.lock
11 silly lockFile 7f1c982e-mongodb mongodb
12 silly lockFile 7f1c982e-mongodb mongodb
13 verbose addNamed [ 'mongodb', '' ]
14 verbose addNamed [ null, '*' ]
15 silly lockFile 886df635-mongodb mongodb@
16 verbose lock mongodb@ /home/rishi/.npm/886df635-mongodb.lock
17 silly addNameRange { name: 'mongodb', range: '*', hasData: false }
18 verbose request where is /mongodb
19 verbose request registry https://registry.npmjs.org/
20 verbose request id b68cc46077aaf793
21 verbose url raw /mongodb
22 verbose url resolving [ 'https://registry.npmjs.org/', './mongodb' ]
23 verbose url resolved https://registry.npmjs.org/mongodb
24 verbose request where is https://registry.npmjs.org/mongodb
25 info trying registry request attempt 1 at 15:52:20
26 verbose etag "F2DH3XUYYLFM2XYKPX6KGWEOR"
27 http GET https://registry.npmjs.org/mongodb
28 http 304 https://registry.npmjs.org/mongodb
29 silly registry.get cb [ 304,
29 silly registry.get   { date: 'Thu, 07 May 2015 14:52:20 GMT',
29 silly registry.get     via: '1.1 varnish',
29 silly registry.get     'last-modified': 'Thu, 07 May 2015 14:52:20 GMT',
29 silly registry.get     'cache-control': 'max-age=60',
29 silly registry.get     etag: '"F2DH3XUYYLFM2XYKPX6KGWEOR"',
29 silly registry.get     age: '48',
29 silly registry.get     connection: 'keep-alive',
29 silly registry.get     'x-served-by': 'cache-lcy1133-LCY',
29 silly registry.get     'x-cache': 'HIT',
29 silly registry.get     'x-cache-hits': '1',
29 silly registry.get     'x-timer': 'S1431010340.728373,VS0,VE1',
29 silly registry.get     vary: 'Accept' } ]
30 verbose etag https://registry.npmjs.org/mongodb from cache
31 silly addNameRange number 2 { name: 'mongodb', range: '*', hasData: true }
32 silly addNameRange versions [ 'mongodb',
32 silly addNameRange   [ '0.9.4',
32 silly addNameRange     '0.9.4-4',
32 silly addNameRange     '0.9.3',
32 silly addNameRange     '0.9.1',
32 silly addNameRange     '0.9.2',
32 silly addNameRange     '0.9.6-7',
32 silly addNameRange     '0.9.6-8',
32 silly addNameRange     '0.9.6-9',
32 silly addNameRange     '0.9.6-10',
32 silly addNameRange     '0.9.6-11',
32 silly addNameRange     '0.9.6-12',
32 silly addNameRange     '0.9.6-13',
32 silly addNameRange     '0.9.6-14',
32 silly addNameRange     '0.9.6-15',
32 silly addNameRange     '0.9.6-16',
32 silly addNameRange     '0.9.6-17',
32 silly addNameRange     '0.9.6-18',
32 silly addNameRange     '0.9.6-19',
32 silly addNameRange     '0.9.6-20',
32 silly addNameRange     '0.9.6-21',
32 silly addNameRange     '0.9.6-22',
32 silly addNameRange     '0.9.6-23',
32 silly addNameRange     '0.9.7',
32 silly addNameRange     '0.9.7-0',
32 silly addNameRange     '0.9.7-1',
32 silly addNameRange     '0.9.7-1.1',
32 silly addNameRange     '0.9.7-1.2',
32 silly addNameRange     '0.9.7-1.3',
32 silly addNameRange     '0.9.7-1.4',
32 silly addNameRange     '0.9.7-2',
32 silly addNameRange     '0.9.7-2-1',
32 silly addNameRange     '0.9.7-2-2',
32 silly addNameRange     '0.9.7-2-3',
32 silly addNameRange     '0.9.7-2-4',
32 silly addNameRange     '0.9.7-2-5',
32 silly addNameRange     '0.9.7-3',
32 silly addNameRange     '0.9.7-3-1',
32 silly addNameRange     '0.9.7-3-2',
32 silly addNameRange     '0.9.7-3-3',
32 silly addNameRange     '0.9.7-3-4',
32 silly addNameRange     '0.9.7-3-5',
32 silly addNameRange     '0.9.8',
32 silly addNameRange     '0.9.8-1',
32 silly addNameRange     '0.9.8-2',
32 silly addNameRange     '0.9.8-3',
32 silly addNameRange     '0.9.8-4',
32 silly addNameRange     '0.9.8-5',
32 silly addNameRange     '0.9.8-6',
32 silly addNameRange     '0.9.8-7',
32 silly addNameRange     '0.9.9',
32 silly addNameRange     '0.9.9-1',
32 silly addNameRange     '0.9.9-2',
32 silly addNameRange     '0.9.9-3',
32 silly addNameRange     '0.9.9-4',
32 silly addNameRange     '0.9.9-5',
32 silly addNameRange     '0.9.9-6',
32 silly addNameRange     '0.9.9-7',
32 silly addNameRange     '0.9.9-8',
32 silly addNameRange     '1.0.0',
32 silly addNameRange     '1.0.1',
32 silly addNameRange     '1.0.2',
32 silly addNameRange     '1.1.0-beta',
32 silly addNameRange     '1.1.0',
32 silly addNameRange     '1.1.1',
32 silly addNameRange     '1.1.2',
32 silly addNameRange     '1.1.3',
32 silly addNameRange     '1.1.4',
32 silly addNameRange     '1.1.5',
32 silly addNameRange     '1.1.6',
32 silly addNameRange     '1.1.7',
32 silly addNameRange     '1.1.8',
32 silly addNameRange     '1.1.9',
32 silly addNameRange     '1.1.10',
32 silly addNameRange     '1.1.11',
32 silly addNameRange     '1.2.0',
32 silly addNameRange     '1.2.1',
32 silly addNameRange     '1.2.2',
32 silly addNameRange     '1.2.3',
32 silly addNameRange     '1.2.4',
32 silly addNameRange     '1.2.5',
32 silly addNameRange     '1.2.6',
32 silly addNameRange     '1.2.7',
32 silly addNameRange     '1.2.8',
32 silly addNameRange     '1.2.9',
32 silly addNameRange     '1.2.10',
32 silly addNameRange     '1.2.11',
32 silly addNameRange     '1.2.12',
32 silly addNameRange     '1.2.13',
32 silly addNameRange     '1.2.14',
32 silly addNameRange     '1.3.0',
32 silly addNameRange     '1.3.1',
32 silly addNameRange     '1.3.2',
32 silly addNameRange     '1.3.3',
32 silly addNameRange     '1.3.4',
32 silly addNameRange     '1.3.5',
32 silly addNameRange     '1.3.6',
32 silly addNameRange     '1.3.7',
32 silly addNameRange     '1.3.8',
32 silly addNameRange     '1.3.9',
32 silly addNameRange     '1.3.10',
32 silly addNameRange     '1.3.11',
32 silly addNameRange     '1.3.12',
32 silly addNameRange     '1.3.14',
32 silly addNameRange     '1.3.15',
32 silly addNameRange     '1.3.17',
32 silly addNameRange     '1.3.18',
32 silly addNameRange     '1.3.19',
32 silly addNameRange     '1.4.0-rc2',
32 silly addNameRange     '1.3.20',
32 silly addNameRange     '1.4.0-rc3',
32 silly addNameRange     '1.3.21',
32 silly addNameRange     '1.3.22',
32 silly addNameRange     '1.3.23',
32 silly addNameRange     '1.4.0-rc4',
32 silly addNameRange     '1.4.0-rc5',
32 silly addNameRange     '1.4.0-rc6',
32 silly addNameRange     '1.4.0-rc7',
32 silly addNameRange     '1.4.0-rc8',
32 silly addNameRange     '1.4.0-rc9',
32 silly addNameRange     '1.4.0-rc10',
32 silly addNameRange     '1.4.0',
32 silly addNameRange     '1.4.1',
32 silly addNameRange     '1.4.2',
32 silly addNameRange     '1.4.3',
32 silly addNameRange     '1.4.4',
32 silly addNameRange     '1.4.5',
32 silly addNameRange     '1.4.6',
32 silly addNameRange     '1.4.7',
32 silly addNameRange     '1.4.8',
32 silly addNameRange     '1.4.9',
32 silly addNameRange     '1.4.10',
32 silly addNameRange     '2.0.0-alpha1',
32 silly addNameRange     '1.4.11',
32 silly addNameRange     '1.4.12',
32 silly addNameRange     '1.4.14',
32 silly addNameRange     '1.4.15',
32 silly addNameRange     '1.4.16',
32 silly addNameRange     '1.4.17',
32 silly addNameRange     '2.0.0-alpha2',
32 silly addNameRange     '1.4.18',
32 silly addNameRange     '2.0.0',
32 silly addNameRange     '2.0.1',
32 silly addNameRange     '2.0.2',
32 silly addNameRange     '1.4.19',
32 silly addNameRange     '2.0.3',
32 silly addNameRange     '2.0.4',
32 silly addNameRange     '2.0.5',
32 silly addNameRange     '2.0.6',
32 silly addNameRange     '1.4.20',
32 silly addNameRange     '1.4.22',
32 silly addNameRange     '2.0.7',
32 silly addNameRange     '2.0.8',
32 silly addNameRange     '2.0.9',
32 silly addNameRange     '1.4.23',
32 silly addNameRange     '2.0.10',
32 silly addNameRange     '1.4.24',
32 silly addNameRange     '2.0.11',
32 silly addNameRange     '1.4.25',
32 silly addNameRange     '2.0.12',
32 silly addNameRange     '1.4.26',
32 silly addNameRange     '1.4.27',
32 silly addNameRange     '1.4.28',
32 silly addNameRange     '2.0.13',
32 silly addNameRange     '2.0.14',
32 silly addNameRange     '1.4.29',
32 silly addNameRange     '2.0.15',
32 silly addNameRange     '1.4.30',
32 silly addNameRange     '2.0.16',
32 silly addNameRange     '1.4.31',
32 silly addNameRange     '2.0.17',
32 silly addNameRange     '1.4.32',
32 silly addNameRange     '2.0.18',
32 silly addNameRange     '2.0.19',
32 silly addNameRange     '1.4.33',
32 silly addNameRange     '2.0.20',
32 silly addNameRange     '2.0.21',
32 silly addNameRange     '1.4.34',
32 silly addNameRange     '2.0.22',
32 silly addNameRange     '2.0.23',
32 silly addNameRange     '1.4.35',
32 silly addNameRange     '2.0.24',
32 silly addNameRange     '2.0.25',
32 silly addNameRange     '2.0.26',
32 silly addNameRange     '2.0.27',
32 silly addNameRange     '2.0.28',
32 silly addNameRange     '2.0.29',
32 silly addNameRange     '1.4.36' ] ]
33 verbose addNamed [ 'mongodb', '2.0.29' ]
34 verbose addNamed [ '2.0.29', '2.0.29' ]
35 silly lockFile b95dbce8-mongodb-2-0-29 mongodb@2.0.29
36 verbose lock mongodb@2.0.29 /home/rishi/.npm/b95dbce8-mongodb-2-0-29.lock
37 silly lockFile ee9a13ae-s-org-mongodb-mongodb-2-0-29-tgz https://registry.npmjs.org/mongodb/-/mongodb-2.0.29.tgz
38 verbose lock https://registry.npmjs.org/mongodb/-/mongodb-2.0.29.tgz /home/rishi/.npm/ee9a13ae-s-org-mongodb-mongodb-2-0-29-tgz.lock
39 verbose addRemoteTarball [ 'https://registry.npmjs.org/mongodb/-/mongodb-2.0.29.tgz',
39 verbose addRemoteTarball   'b9af66424d1066c8d0f5283c59e67afdbb67f128' ]
40 info retry fetch attempt 1 at 15:52:20
41 verbose fetch to= /tmp/npm-4330-WhMPUadM/registry.npmjs.org/mongodb/-/mongodb-2.0.29.tgz
42 http GET https://registry.npmjs.org/mongodb/-/mongodb-2.0.29.tgz
43 http 200 https://registry.npmjs.org/mongodb/-/mongodb-2.0.29.tgz
44 silly lockFile ee9a13ae-s-org-mongodb-mongodb-2-0-29-tgz https://registry.npmjs.org/mongodb/-/mongodb-2.0.29.tgz
45 silly lockFile ee9a13ae-s-org-mongodb-mongodb-2-0-29-tgz https://registry.npmjs.org/mongodb/-/mongodb-2.0.29.tgz
46 silly lockFile b95dbce8-mongodb-2-0-29 mongodb@2.0.29
47 silly lockFile b95dbce8-mongodb-2-0-29 mongodb@2.0.29
48 silly lockFile 886df635-mongodb mongodb@
49 silly lockFile 886df635-mongodb mongodb@
50 error Error: EACCES, mkdir '/home/rishi/.npm/mongodb/2.0.29'
50 error  { [Error: EACCES, mkdir '/home/rishi/.npm/mongodb/2.0.29']
50 error   errno: 3,
50 error   code: 'EACCES',
50 error   path: '/home/rishi/.npm/mongodb/2.0.29',
50 error   parent: 'DepthSense' }
51 error Please try running this command again as root/Administrator.
52 error System Linux 3.16.0-37-generic
53 error command "/usr/bin/node" "/usr/bin/npm" "-S" "install" "mongodb"
54 error cwd /home/rishi/DepthSense/DepthSense
55 error node -v v0.10.38
56 error npm -v 1.4.28
57 error path /home/rishi/.npm/mongodb/2.0.29
58 error code EACCES
59 error errno 3
60 error stack Error: EACCES, mkdir '/home/rishi/.npm/mongodb/2.0.29'
61 verbose exit [ 3, true ]
